#
# There is insufficient memory for the Java Runtime Environment to continue.
# Native memory allocation (malloc) failed to allocate 1390496 bytes for Chunk::new
# Possible reasons:
#   The system is out of physical RAM or swap space
#   The process is running with CompressedOops enabled, and the Java Heap may be blocking the growth of the native heap
# Possible solutions:
#   Reduce memory load on the system
#   Increase physical memory or swap space
#   Check if swap backing store is full
#   Decrease Java heap size (-Xmx/-Xms)
#   Decrease number of Java threads
#   Decrease Java thread stack sizes (-Xss)
#   Set larger code cache with -XX:ReservedCodeCacheSize=
#   JVM is running with Unscaled Compressed Oops mode in which the Java heap is
#     placed in the first 4GB address space. The Java Heap base address is the
#     maximum limit for the native heap growth. Please use -XX:HeapBaseMinAddress
#     to set the Java Heap base and to place the Java Heap above 4GB virtual address.
# This output file may be truncated or incomplete.
#
#  Out of Memory Error (allocation.cpp:389), pid=14344, tid=0x00000000000007ac
#
# JRE version: OpenJDK Runtime Environment (8.0_242-b01) (build 1.8.0_242-release-1644-b01)
# Java VM: OpenJDK 64-Bit Server VM (25.242-b01 mixed mode windows-amd64 compressed oops)
# Failed to write core dump. Minidumps are not enabled by default on client versions of Windows
#

---------------  T H R E A D  ---------------

Current thread (0x0000000017924000):  JavaThread "C2 CompilerThread0" daemon [_thread_in_native, id=1964, stack(0x0000000018f80000,0x0000000019080000)]

Stack: [0x0000000018f80000,0x0000000019080000]
[error occurred during error reporting (printing stack bounds), id 0xc0000005]

Native frames: (J=compiled Java code, j=interpreted, Vv=VM code, C=native code)


Current CompileTask:
C2: 431484 13814   !   4       java.io.ObjectOutputStream::writeObject0 (619 bytes)


---------------  P R O C E S S  ---------------

Java Threads: ( => current thread )
  0x000000001dc06800 JavaThread "pool-7-thread-1" [_thread_blocked, id=14112, stack(0x00000000288b0000,0x00000000289b0000)]
  0x000000001dc0a800 JavaThread "WorkerExecutor Queue Thread 4" [_thread_blocked, id=10024, stack(0x00000000286b0000,0x00000000287b0000)]
  0x000000001dc09800 JavaThread "WorkerExecutor Queue Thread 3" [_thread_blocked, id=756, stack(0x00000000285b0000,0x00000000286b0000)]
  0x000000001dbfe800 JavaThread "WorkerExecutor Queue Thread 2" [_thread_in_native, id=9560, stack(0x00000000284b0000,0x00000000285b0000)]
  0x000000001dc05000 JavaThread "WorkerExecutor Queue" [_thread_blocked, id=11620, stack(0x00000000283b0000,0x00000000284b0000)]
  0x000000001dc02000 JavaThread "Cache worker for execution history cache (D:\HocTap\PRM\New folder\app_listen_music\.gradle\6.1.1\executionHistory)" [_thread_blocked, id=5620, stack(0x0000000027eb0000,0x0000000027fb0000)]
  0x000000001dc00800 JavaThread "Execution worker for ':' Thread 3" [_thread_blocked, id=788, stack(0x0000000027db0000,0x0000000027eb0000)]
  0x000000001f836000 JavaThread "Execution worker for ':' Thread 2" [_thread_blocked, id=2772, stack(0x0000000027cb0000,0x0000000027db0000)]
  0x000000001f835800 JavaThread "Execution worker for ':'" [_thread_blocked, id=11080, stack(0x0000000027bb0000,0x0000000027cb0000)]
  0x000000001f833000 JavaThread "Cache worker for file content cache (D:\HocTap\PRM\New folder\app_listen_music\.gradle\6.1.1\fileContent)" [_thread_blocked, id=13408, stack(0x0000000027ab0000,0x0000000027bb0000)]
  0x000000001f832800 JavaThread "Cache worker for Build Output Cleanup Cache (D:\HocTap\PRM\New folder\app_listen_music\.gradle\buildOutputCleanup)" [_thread_blocked, id=12544, stack(0x00000000277b0000,0x00000000278b0000)]
  0x000000001f834000 JavaThread "Build operations Thread 4" [_thread_blocked, id=6396, stack(0x00000000245c0000,0x00000000246c0000)]
  0x000000001f831800 JavaThread "Build operations Thread 3" [_thread_blocked, id=4308, stack(0x00000000232b0000,0x00000000233b0000)]
  0x000000001f831000 JavaThread "Build operations Thread 2" [_thread_blocked, id=4564, stack(0x0000000022cc0000,0x0000000022dc0000)]
  0x000000001f829800 JavaThread "Build operations" [_thread_blocked, id=7104, stack(0x00000000221c0000,0x00000000222c0000)]
  0x000000001f830000 JavaThread "Cache worker for cache directory md-rule (D:\AndroidStudioSetup\.gradle\caches\6.1.1\md-rule)" [_thread_blocked, id=15628, stack(0x00000000220c0000,0x00000000221c0000)]
  0x000000001f82f800 JavaThread "Cache worker for cache directory md-supplier (D:\AndroidStudioSetup\.gradle\caches\6.1.1\md-supplier)" [_thread_blocked, id=12020, stack(0x0000000021fc0000,0x00000000220c0000)]
  0x000000001f828800 JavaThread "Cache worker for file hash cache (D:\HocTap\PRM\New folder\app_listen_music\.gradle\6.1.1\fileHashes)" [_thread_blocked, id=7596, stack(0x0000000021ec0000,0x0000000021fc0000)]
  0x000000001f82e800 JavaThread "Cache worker for checksums cache (D:\HocTap\PRM\New folder\app_listen_music\.gradle\checksums)" [_thread_blocked, id=9672, stack(0x00000000210c0000,0x00000000211c0000)]
  0x000000001f82e000 JavaThread "Thread-64" [_thread_blocked, id=2008, stack(0x000000001ffa0000,0x00000000200a0000)]
  0x000000001f82d000 JavaThread "Stdin handler" [_thread_blocked, id=3976, stack(0x000000001d200000,0x000000001d300000)]
  0x000000001f827000 JavaThread "Asynchronous log dispatcher for DefaultDaemonConnection: socket connection from /127.0.0.1:52525 to /127.0.0.1:52657" [_thread_blocked, id=15652, stack(0x000000001cf00000,0x000000001d000000)]
  0x000000001f82b800 JavaThread "Cancel handler" [_thread_blocked, id=9628, stack(0x000000001ca00000,0x000000001cb00000)]
  0x000000001f82b000 JavaThread "Handler for socket connection from /127.0.0.1:52525 to /127.0.0.1:52657" [_thread_in_native, id=10724, stack(0x0000000001130000,0x0000000001230000)]
  0x000000001f82c800 JavaThread "Cache worker for file content cache (D:\AndroidStudioSetup\.gradle\caches\6.1.1\fileContent)" [_thread_blocked, id=14612, stack(0x00000000279b0000,0x0000000027ab0000)]
  0x000000001dc0c000 JavaThread "Memory manager" [_thread_blocked, id=10652, stack(0x00000000278b0000,0x00000000279b0000)]
  0x000000001dc00000 JavaThread "Daemon worker Thread 3" [_thread_blocked, id=1100, stack(0x000000001ce00000,0x000000001cf00000)]
  0x000000001b8a0000 JavaThread "Daemon Thread 3" [_thread_blocked, id=11148, stack(0x0000000001030000,0x0000000001130000)]
  0x000000001b8a2800 JavaThread "Cache worker for execution history cache (D:\AndroidStudioSetup\.gradle\caches\6.1.1\executionHistory)" [_thread_blocked, id=12140, stack(0x00000000211c0000,0x00000000212c0000)]
  0x000000001b89f800 JavaThread "Cache worker for file hash cache (D:\AndroidStudioSetup\.gradle\caches\6.1.1\fileHashes)" [_thread_blocked, id=13876, stack(0x000000001d700000,0x000000001d800000)]
  0x000000001b73a000 JavaThread "File lock request listener" [_thread_in_native, id=10080, stack(0x000000001d600000,0x000000001d700000)]
  0x000000001b8b3800 JavaThread "Cache worker for journal cache (D:\AndroidStudioSetup\.gradle\caches\journal-1)" [_thread_blocked, id=9804, stack(0x000000001d500000,0x000000001d600000)]
  0x000000001b695000 JavaThread "Daemon periodic checks" [_thread_blocked, id=10588, stack(0x000000001c900000,0x000000001ca00000)]
  0x000000001b4f9000 JavaThread "Incoming local TCP Connector on port 52525" [_thread_in_native, id=10388, stack(0x0000000019980000,0x0000000019a80000)]
  0x000000001b521000 JavaThread "Daemon health stats" [_thread_blocked, id=1984, stack(0x0000000019880000,0x0000000019980000)]
  0x00000000192bc000 JavaThread "Service Thread" daemon [_thread_blocked, id=15936, stack(0x0000000019680000,0x0000000019780000)]
  0x0000000017936800 JavaThread "C1 CompilerThread2" daemon [_thread_blocked, id=4012, stack(0x0000000019180000,0x0000000019280000)]
  0x000000001792e000 JavaThread "C2 CompilerThread1" daemon [_thread_in_native, id=11592, stack(0x0000000019080000,0x0000000019180000)]
=>0x0000000017924000 JavaThread "C2 CompilerThread0" daemon [_thread_in_native, id=1964, stack(0x0000000018f80000,0x0000000019080000)]
  0x0000000017922800 JavaThread "Attach Listener" daemon [_thread_blocked, id=15672, stack(0x0000000018e80000,0x0000000018f80000)]
  0x0000000017921800 JavaThread "Signal Dispatcher" daemon [_thread_blocked, id=12180, stack(0x0000000018d80000,0x0000000018e80000)]
  0x0000000002cfa000 JavaThread "Finalizer" daemon [_thread_blocked, id=7940, stack(0x0000000018b80000,0x0000000018c80000)]
  0x0000000002cf1000 JavaThread "Reference Handler" daemon [_thread_blocked, id=6568, stack(0x0000000018a80000,0x0000000018b80000)]
  0x000000000128e800 JavaThread "main" [_thread_blocked, id=14712, stack(0x0000000002b00000,0x0000000002c00000)]

Other Threads:
  0x00000000178e7000 VMThread [stack: 0x0000000018980000,0x0000000018a80000] [id=13556]
  0x00000000192bc800 WatcherThread [stack: 0x0000000019780000,0x0000000019880000] [id=9992]

VM state:not at safepoint (normal execution)

VM Mutex/Monitor currently owned by a thread: None

heap address: 0x0000000080000000, size: 2048 MB, Compressed Oops mode: 32-bit
Narrow klass base: 0x0000000000000000, Narrow klass shift: 3
Compressed class space size: 1073741824 Address: 0x0000000100000000

Heap:
 PSYoungGen      total 494080K, used 457216K [0x00000000d5580000, 0x00000000f6400000, 0x0000000100000000)
  eden space 457216K, 100% used [0x00000000d5580000,0x00000000f1400000,0x00000000f1400000)
  from space 36864K, 0% used [0x00000000f4000000,0x00000000f4000000,0x00000000f6400000)
  to   space 40960K, 0% used [0x00000000f1400000,0x00000000f1400000,0x00000000f3c00000)
 ParOldGen       total 235520K, used 79460K [0x0000000080000000, 0x000000008e600000, 0x00000000d5580000)
  object space 235520K, 33% used [0x0000000080000000,0x0000000084d990e0,0x000000008e600000)
 Metaspace       used 98334K, capacity 102938K, committed 103000K, reserved 1138688K
  class space    used 13003K, capacity 13952K, committed 13952K, reserved 1048576K

Card table byte_map: [0x00000000120c0000,0x00000000124d0000] byte_map_base: 0x0000000011cc0000

Marking Bits: (ParMarkBitMap*) 0x00000000718cf030
 Begin Bits: [0x0000000012b80000, 0x0000000014b80000)
 End Bits:   [0x0000000014b80000, 0x0000000016b80000)

Polling page: 0x0000000000d20000

CodeCache: size=245760Kb used=40537Kb max_used=40537Kb free=205222Kb
 bounds [0x0000000002d00000, 0x00000000054d0000, 0x0000000011d00000]
 total_blobs=12664 nmethods=11854 adapters=722
 compilation: enabled

Compilation events (10 events):
Event: 431.330 Thread 0x0000000017936800 13900       2       org.gradle.internal.work.DefaultWorkerLeaseService$WorkerLeaseLockRegistry::getResourceLock (50 bytes)
Event: 431.332 Thread 0x0000000017936800 nmethod 13900 0x00000000054c1c50 code [0x00000000054c1e60, 0x00000000054c2758]
Event: 431.379 Thread 0x0000000017936800 13901   !   2       sun.reflect.GeneratedSerializationConstructorAccessor268::newInstance (49 bytes)
Event: 431.380 Thread 0x0000000017936800 nmethod 13901 0x00000000054c32d0 code [0x00000000054c3460, 0x00000000054c3788]
Event: 431.397 Thread 0x0000000017936800 13904       2       java.io.ObjectInputStream::defaultReadObject (87 bytes)
Event: 431.397 Thread 0x0000000017936800 nmethod 13904 0x00000000054c39d0 code [0x00000000054c3ba0, 0x00000000054c4078]
Event: 431.398 Thread 0x0000000017936800 13905       2       java.io.ObjectInputStream::checkArray (41 bytes)
Event: 431.398 Thread 0x0000000017936800 nmethod 13905 0x00000000054c4610 code [0x00000000054c47c0, 0x00000000054c4b28]
Event: 431.403 Thread 0x0000000017936800 13906       2       java.lang.Math::max (46 bytes)
Event: 431.403 Thread 0x0000000017936800 nmethod 13906 0x00000000054c4d50 code [0x00000000054c4ea0, 0x00000000054c5070]

GC Heap History (10 events):
Event: 18.026 GC heap before
{Heap before GC invocations=12 (full 3):
 PSYoungGen      total 343040K, used 17369K [0x00000000d5580000, 0x00000000f1100000, 0x0000000100000000)
  eden space 320512K, 0% used [0x00000000d5580000,0x00000000d5580000,0x00000000e8e80000)
  from space 22528K, 77% used [0x00000000e8e80000,0x00000000e9f765c0,0x00000000ea480000)
  to   space 24064K, 0% used [0x00000000ef980000,0x00000000ef980000,0x00000000f1100000)
 ParOldGen       total 94208K, used 29650K [0x0000000080000000, 0x0000000085c00000, 0x00000000d5580000)
  object space 94208K, 31% used [0x0000000080000000,0x0000000081cf4928,0x0000000085c00000)
 Metaspace       used 56830K, capacity 58850K, committed 59096K, reserved 1099776K
  class space    used 7749K, capacity 8180K, committed 8192K, reserved 1048576K
Event: 18.349 GC heap after
Heap after GC invocations=12 (full 3):
 PSYoungGen      total 343040K, used 0K [0x00000000d5580000, 0x00000000f1100000, 0x0000000100000000)
  eden space 320512K, 0% used [0x00000000d5580000,0x00000000d5580000,0x00000000e8e80000)
  from space 22528K, 0% used [0x00000000e8e80000,0x00000000e8e80000,0x00000000ea480000)
  to   space 24064K, 0% used [0x00000000ef980000,0x00000000ef980000,0x00000000f1100000)
 ParOldGen       total 138752K, used 32204K [0x0000000080000000, 0x0000000088780000, 0x00000000d5580000)
  object space 138752K, 23% used [0x0000000080000000,0x0000000081f732b8,0x0000000088780000)
 Metaspace       used 56819K, capacity 58814K, committed 59096K, reserved 1099776K
  class space    used 7745K, capacity 8174K, committed 8192K, reserved 1048576K
}
Event: 27.485 GC heap before
{Heap before GC invocations=13 (full 3):
 PSYoungGen      total 343040K, used 320512K [0x00000000d5580000, 0x00000000f1100000, 0x0000000100000000)
  eden space 320512K, 100% used [0x00000000d5580000,0x00000000e8e80000,0x00000000e8e80000)
  from space 22528K, 0% used [0x00000000e8e80000,0x00000000e8e80000,0x00000000ea480000)
  to   space 24064K, 0% used [0x00000000ef980000,0x00000000ef980000,0x00000000f1100000)
 ParOldGen       total 138752K, used 32204K [0x0000000080000000, 0x0000000088780000, 0x00000000d5580000)
  object space 138752K, 23% used [0x0000000080000000,0x0000000081f732b8,0x0000000088780000)
 Metaspace       used 71943K, capacity 75100K, committed 75480K, reserved 1114112K
  class space    used 9743K, capacity 10372K, committed 10496K, reserved 1048576K
Event: 27.543 GC heap after
Heap after GC invocations=13 (full 3):
 PSYoungGen      total 414208K, used 24052K [0x00000000d5580000, 0x00000000f1100000, 0x0000000100000000)
  eden space 390144K, 0% used [0x00000000d5580000,0x00000000d5580000,0x00000000ed280000)
  from space 24064K, 99% used [0x00000000ef980000,0x00000000f10fd2e8,0x00000000f1100000)
  to   space 28160K, 0% used [0x00000000eda00000,0x00000000eda00000,0x00000000ef580000)
 ParOldGen       total 138752K, used 33211K [0x0000000080000000, 0x0000000088780000, 0x00000000d5580000)
  object space 138752K, 23% used [0x0000000080000000,0x000000008206eef8,0x0000000088780000)
 Metaspace       used 71943K, capacity 75100K, committed 75480K, reserved 1114112K
  class space    used 9743K, capacity 10372K, committed 10496K, reserved 1048576K
}
Event: 177.683 GC heap before
{Heap before GC invocations=14 (full 3):
 PSYoungGen      total 414208K, used 414196K [0x00000000d5580000, 0x00000000f1100000, 0x0000000100000000)
  eden space 390144K, 100% used [0x00000000d5580000,0x00000000ed280000,0x00000000ed280000)
  from space 24064K, 99% used [0x00000000ef980000,0x00000000f10fd2e8,0x00000000f1100000)
  to   space 28160K, 0% used [0x00000000eda00000,0x00000000eda00000,0x00000000ef580000)
 ParOldGen       total 138752K, used 33211K [0x0000000080000000, 0x0000000088780000, 0x00000000d5580000)
  object space 138752K, 23% used [0x0000000080000000,0x000000008206eef8,0x0000000088780000)
 Metaspace       used 90644K, capacity 94602K, committed 94680K, reserved 1130496K
  class space    used 12234K, capacity 13050K, committed 13056K, reserved 1048576K
Event: 177.741 GC heap after
Heap after GC invocations=14 (full 3):
 PSYoungGen      total 425984K, used 28149K [0x00000000d5580000, 0x00000000f6880000, 0x0000000100000000)
  eden space 397824K, 0% used [0x00000000d5580000,0x00000000d5580000,0x00000000eda00000)
  from space 28160K, 99% used [0x00000000eda00000,0x00000000ef57d450,0x00000000ef580000)
  to   space 41472K, 0% used [0x00000000f4000000,0x00000000f4000000,0x00000000f6880000)
 ParOldGen       total 138752K, used 58634K [0x0000000080000000, 0x0000000088780000, 0x00000000d5580000)
  object space 138752K, 42% used [0x0000000080000000,0x0000000083942b60,0x0000000088780000)
 Metaspace       used 90644K, capacity 94602K, committed 94680K, reserved 1130496K
  class space    used 12234K, capacity 13050K, committed 13056K, reserved 1048576K
}
Event: 377.750 GC heap before
{Heap before GC invocations=15 (full 3):
 PSYoungGen      total 425984K, used 79921K [0x00000000d5580000, 0x00000000f6880000, 0x0000000100000000)
  eden space 397824K, 13% used [0x00000000d5580000,0x00000000d880f298,0x00000000eda00000)
  from space 28160K, 99% used [0x00000000eda00000,0x00000000ef57d450,0x00000000ef580000)
  to   space 41472K, 0% used [0x00000000f4000000,0x00000000f4000000,0x00000000f6880000)
 ParOldGen       total 138752K, used 58634K [0x0000000080000000, 0x0000000088780000, 0x00000000d5580000)
  object space 138752K, 42% used [0x0000000080000000,0x0000000083942b60,0x0000000088780000)
 Metaspace       used 94192K, capacity 98420K, committed 98496K, reserved 1134592K
  class space    used 12501K, capacity 13365K, committed 13440K, reserved 1048576K
Event: 377.900 GC heap after
Heap after GC invocations=15 (full 3):
 PSYoungGen      total 494080K, used 21181K [0x00000000d5580000, 0x00000000f6400000, 0x0000000100000000)
  eden space 457216K, 0% used [0x00000000d5580000,0x00000000d5580000,0x00000000f1400000)
  from space 36864K, 57% used [0x00000000f4000000,0x00000000f54af650,0x00000000f6400000)
  to   space 40960K, 0% used [0x00000000f1400000,0x00000000f1400000,0x00000000f3c00000)
 ParOldGen       total 138752K, used 69500K [0x0000000080000000, 0x0000000088780000, 0x00000000d5580000)
  object space 138752K, 50% used [0x0000000080000000,0x00000000843df0f0,0x0000000088780000)
 Metaspace       used 94192K, capacity 98420K, committed 98496K, reserved 1134592K
  class space    used 12501K, capacity 13365K, committed 13440K, reserved 1048576K
}
Event: 377.900 GC heap before
{Heap before GC invocations=16 (full 4):
 PSYoungGen      total 494080K, used 21181K [0x00000000d5580000, 0x00000000f6400000, 0x0000000100000000)
  eden space 457216K, 0% used [0x00000000d5580000,0x00000000d5580000,0x00000000f1400000)
  from space 36864K, 57% used [0x00000000f4000000,0x00000000f54af650,0x00000000f6400000)
  to   space 40960K, 0% used [0x00000000f1400000,0x00000000f1400000,0x00000000f3c00000)
 ParOldGen       total 138752K, used 69500K [0x0000000080000000, 0x0000000088780000, 0x00000000d5580000)
  object space 138752K, 50% used [0x0000000080000000,0x00000000843df0f0,0x0000000088780000)
 Metaspace       used 94192K, capacity 98420K, committed 98496K, reserved 1134592K
  class space    used 12501K, capacity 13365K, committed 13440K, reserved 1048576K
Event: 378.732 GC heap after
Heap after GC invocations=16 (full 4):
 PSYoungGen      total 494080K, used 0K [0x00000000d5580000, 0x00000000f6400000, 0x0000000100000000)
  eden space 457216K, 0% used [0x00000000d5580000,0x00000000d5580000,0x00000000f1400000)
  from space 36864K, 0% used [0x00000000f4000000,0x00000000f4000000,0x00000000f6400000)
  to   space 40960K, 0% used [0x00000000f1400000,0x00000000f1400000,0x00000000f3c00000)
 ParOldGen       total 235520K, used 79460K [0x0000000080000000, 0x000000008e600000, 0x00000000d5580000)
  object space 235520K, 33% used [0x0000000080000000,0x0000000084d990e0,0x000000008e600000)
 Metaspace       used 94099K, capacity 98152K, committed 98496K, reserved 1134592K
  class space    used 12472K, capacity 13313K, committed 13440K, reserved 1048576K
}

Deoptimization events (10 events):
Event: 429.975 Thread 0x000000001dc00000 Uncommon trap: reason=class_check action=maybe_recompile pc=0x000000000535c740 method=com.sun.org.apache.xerces.internal.dom.NamedNodeMapImpl.item(I)Lorg/w3c/dom/Node; @ 33
Event: 429.975 Thread 0x000000001dc00000 Uncommon trap: reason=class_check action=maybe_recompile pc=0x0000000005446790 method=com.sun.org.apache.xerces.internal.dom.NamedNodeMapImpl.item(I)Lorg/w3c/dom/Node; @ 33
Event: 429.976 Thread 0x000000001dc00000 Uncommon trap: reason=class_check action=maybe_recompile pc=0x000000000535c740 method=com.sun.org.apache.xerces.internal.dom.NamedNodeMapImpl.item(I)Lorg/w3c/dom/Node; @ 33
Event: 430.126 Thread 0x000000001dc00000 Uncommon trap: reason=unstable_if action=reinterpret pc=0x000000000534331c method=com.android.utils.XmlUtils.toXmlAttributeValue(Ljava/lang/String;)Ljava/lang/String; @ 33
Event: 430.136 Thread 0x000000001dc00000 Uncommon trap: reason=unstable_if action=reinterpret pc=0x0000000005389708 method=com.android.utils.XmlUtils.append(Lcom/android/utils/XmlUtils$PositionAwareStringBuilder;Lorg/w3c/dom/Node;Ljava/util/Map;Ljava/util/Set;)V @ 540
Event: 430.136 Thread 0x000000001dc00000 Uncommon trap: reason=unstable_if action=reinterpret pc=0x0000000005389708 method=com.android.utils.XmlUtils.append(Lcom/android/utils/XmlUtils$PositionAwareStringBuilder;Lorg/w3c/dom/Node;Ljava/util/Map;Ljava/util/Set;)V @ 540
Event: 430.292 Thread 0x000000001dc00000 Uncommon trap: reason=unstable_if action=reinterpret pc=0x0000000005389708 method=com.android.utils.XmlUtils.append(Lcom/android/utils/XmlUtils$PositionAwareStringBuilder;Lorg/w3c/dom/Node;Ljava/util/Map;Ljava/util/Set;)V @ 540
Event: 430.324 Thread 0x000000001dc00000 Uncommon trap: reason=class_check action=maybe_recompile pc=0x00000000053f2168 method=java.io.Writer.append(Ljava/lang/CharSequence;)Ljava/io/Writer; @ 20
Event: 430.364 Thread 0x000000001dc00000 Uncommon trap: reason=unstable_if action=reinterpret pc=0x00000000053c7da4 method=sun.nio.cs.UTF_8$Encoder.encodeArrayLoop(Ljava/nio/CharBuffer;Ljava/nio/ByteBuffer;)Ljava/nio/charset/CoderResult; @ 175
Event: 430.364 Thread 0x000000001dc00000 Uncommon trap: reason=unstable_if action=reinterpret pc=0x000000000534ce28 method=sun.nio.cs.UTF_8$Encoder.encodeArrayLoop(Ljava/nio/CharBuffer;Ljava/nio/ByteBuffer;)Ljava/nio/charset/CoderResult; @ 175

Classes redefined (0 events):
No events

Internal exceptions (10 events):
Event: 427.702 Thread 0x000000001dc00000 Implicit null exception at 0x00000000044f85f2 to 0x00000000044f8dd5
Event: 427.703 Thread 0x000000001dc00000 Implicit null exception at 0x00000000052363a2 to 0x000000000523681d
Event: 427.849 Thread 0x000000001dc00000 Implicit null exception at 0x0000000005345507 to 0x0000000005347911
Event: 429.975 Thread 0x000000001dc00000 Implicit null exception at 0x0000000005289c85 to 0x000000000528a81f
Event: 430.136 Thread 0x000000001dc00000 Implicit null exception at 0x000000000538bc91 to 0x00000000053896e5
Event: 430.136 Thread 0x000000001dc00000 Implicit null exception at 0x000000000538bc91 to 0x00000000053896e5
Event: 430.292 Thread 0x000000001dc00000 Implicit null exception at 0x000000000538bc91 to 0x00000000053896e5
Event: 430.828 Thread 0x000000001dc00000 Exception <a 'java/lang/NoSuchMethodError': <clinit>> (0x00000000f01a1b30) thrown at [C:\src\AOSP-openjdk-git\hotspot\src\share\vm\prims\jni.cpp, line 1615]
Event: 430.830 Thread 0x000000001dc00000 Exception <a 'java/lang/NoSuchMethodError': <clinit>> (0x00000000f01b5898) thrown at [C:\src\AOSP-openjdk-git\hotspot\src\share\vm\prims\jni.cpp, line 1615]
Event: 430.834 Thread 0x000000001dc00000 Exception <a 'java/lang/NoSuchMethodError': <clinit>> (0x00000000f01cc9e8) thrown at [C:\src\AOSP-openjdk-git\hotspot\src\share\vm\prims\jni.cpp, line 1615]

Events (10 events):
Event: 431.169 loading class com/android/builder/internal/aapt/v2/Aapt2Daemon$WhenMappings
Event: 431.169 loading class com/android/builder/internal/aapt/v2/Aapt2Daemon$WhenMappings done
Event: 431.170 loading class com/android/builder/internal/aapt/v2/Aapt2DaemonImpl$WaitForReadyOnStdOut
Event: 431.170 loading class com/android/builder/internal/aapt/v2/Aapt2DaemonImpl$WaitForReadyOnStdOut done
Event: 431.171 loading class java/lang/ProcessBuilder
Event: 431.173 loading class java/lang/ProcessBuilder done
Event: 431.173 loading class java/lang/ProcessImpl
Event: 431.174 loading class java/lang/ProcessImpl done
Event: 431.184 Executing VM operation: RevokeBias
Event: 431.202 Executing VM operation: RevokeBias done


Dynamic libraries:
0x00007ff756e90000 - 0x00007ff756ec1000 	D:\AndroidStudioSetup\Setup\jre\bin\java.exe
0x00007ff98beb0000 - 0x00007ff98c0a6000 	C:\WINDOWS\SYSTEM32\ntdll.dll
0x00007ff98bdb0000 - 0x00007ff98be6d000 	C:\WINDOWS\System32\KERNEL32.DLL
0x00007ff9898b0000 - 0x00007ff989b78000 	C:\WINDOWS\System32\KERNELBASE.dll
0x00007ff98b470000 - 0x00007ff98b51a000 	C:\WINDOWS\System32\ADVAPI32.dll
0x00007ff98a660000 - 0x00007ff98a6fe000 	C:\WINDOWS\System32\msvcrt.dll
0x00007ff98b570000 - 0x00007ff98b60b000 	C:\WINDOWS\System32\sechost.dll
0x00007ff98aa60000 - 0x00007ff98ab84000 	C:\WINDOWS\System32\RPCRT4.dll
0x00007ff98b2d0000 - 0x00007ff98b470000 	C:\WINDOWS\System32\USER32.dll
0x00007ff989ef0000 - 0x00007ff989f12000 	C:\WINDOWS\System32\win32u.dll
0x00007ff98b540000 - 0x00007ff98b56a000 	C:\WINDOWS\System32\GDI32.dll
0x00007ff989de0000 - 0x00007ff989ee9000 	C:\WINDOWS\System32\gdi32full.dll
0x00007ff989600000 - 0x00007ff98969d000 	C:\WINDOWS\System32\msvcp_win.dll
0x00007ff989c00000 - 0x00007ff989d00000 	C:\WINDOWS\System32\ucrtbase.dll
0x00007ff97b2e0000 - 0x00007ff97b57b000 	C:\WINDOWS\WinSxS\amd64_microsoft.windows.common-controls_6595b64144ccf1df_6.0.19041.488_none_ca04af081b815d21\COMCTL32.dll
0x00007ff98a390000 - 0x00007ff98a3c0000 	C:\WINDOWS\System32\IMM32.DLL
0x0000000071020000 - 0x00000000710f2000 	D:\AndroidStudioSetup\Setup\jre\jre\bin\msvcr100.dll
0x0000000071100000 - 0x000000007194b000 	D:\AndroidStudioSetup\Setup\jre\jre\bin\server\jvm.dll
0x00007ff98b910000 - 0x00007ff98b918000 	C:\WINDOWS\System32\PSAPI.DLL
0x00007ff979170000 - 0x00007ff979179000 	C:\WINDOWS\SYSTEM32\WSOCK32.dll
0x00007ff98bd40000 - 0x00007ff98bdab000 	C:\WINDOWS\System32\WS2_32.dll
0x00007ff97c940000 - 0x00007ff97c967000 	C:\WINDOWS\SYSTEM32\WINMM.dll
0x00007ff981220000 - 0x00007ff98122a000 	C:\WINDOWS\SYSTEM32\VERSION.dll
0x00007ff982f70000 - 0x00007ff982f7f000 	D:\AndroidStudioSetup\Setup\jre\jre\bin\verify.dll
0x00007ff982b90000 - 0x00007ff982bb9000 	D:\AndroidStudioSetup\Setup\jre\jre\bin\java.dll
0x00007ff982b70000 - 0x00007ff982b86000 	D:\AndroidStudioSetup\Setup\jre\jre\bin\zip.dll
0x00007ff98ab90000 - 0x00007ff98b2d0000 	C:\WINDOWS\System32\SHELL32.dll
0x00007ff987520000 - 0x00007ff987cb4000 	C:\WINDOWS\SYSTEM32\windows.storage.dll
0x00007ff98a700000 - 0x00007ff98aa55000 	C:\WINDOWS\System32\combase.dll
0x00007ff989070000 - 0x00007ff98909c000 	C:\WINDOWS\SYSTEM32\Wldp.dll
0x00007ff98b6e0000 - 0x00007ff98b78e000 	C:\WINDOWS\System32\SHCORE.dll
0x00007ff98a600000 - 0x00007ff98a655000 	C:\WINDOWS\System32\shlwapi.dll
0x00007ff989530000 - 0x00007ff989556000 	C:\WINDOWS\SYSTEM32\profapi.dll
0x00007ff982b40000 - 0x00007ff982b5a000 	D:\AndroidStudioSetup\Setup\jre\jre\bin\net.dll
0x00007ff988df0000 - 0x00007ff988e5a000 	C:\WINDOWS\system32\mswsock.dll
0x00007ff982aa0000 - 0x00007ff982ab3000 	D:\AndroidStudioSetup\Setup\jre\jre\bin\nio.dll
0x00007ff982fb0000 - 0x00007ff982fd6000 	D:\AndroidStudioSetup\.gradle\native\31\windows-amd64\native-platform.dll
0x00007ff982f60000 - 0x00007ff982f6d000 	D:\AndroidStudioSetup\Setup\jre\jre\bin\management.dll
0x00007ff988fc0000 - 0x00007ff988fd8000 	C:\WINDOWS\SYSTEM32\CRYPTSP.dll
0x00007ff988710000 - 0x00007ff988744000 	C:\WINDOWS\system32\rsaenh.dll
0x00007ff989d00000 - 0x00007ff989d27000 	C:\WINDOWS\System32\bcrypt.dll
0x00007ff9894b0000 - 0x00007ff9894de000 	C:\WINDOWS\SYSTEM32\USERENV.dll
0x00007ff989b80000 - 0x00007ff989bff000 	C:\WINDOWS\System32\bcryptprimitives.dll
0x00007ff988fe0000 - 0x00007ff988fec000 	C:\WINDOWS\SYSTEM32\CRYPTBASE.dll
0x00007ff988a90000 - 0x00007ff988acb000 	C:\WINDOWS\SYSTEM32\IPHLPAPI.DLL
0x00007ff98a5e0000 - 0x00007ff98a5e9000 	C:\WINDOWS\System32\NSI.dll
0x00007ff9819f0000 - 0x00007ff981a07000 	C:\WINDOWS\SYSTEM32\dhcpcsvc6.DLL
0x00007ff9819d0000 - 0x00007ff9819ed000 	C:\WINDOWS\SYSTEM32\dhcpcsvc.DLL
0x00007ff988ae0000 - 0x00007ff988bab000 	C:\WINDOWS\SYSTEM32\DNSAPI.dll

VM Arguments:
jvm_args: -Xmx2048m -Dfile.encoding=windows-1252 -Duser.country=US -Duser.language=en -Duser.variant 
java_command: org.gradle.launcher.daemon.bootstrap.GradleDaemon 6.1.1
java_class_path (initial): D:\AndroidStudioSetup\.gradle\wrapper\dists\gradle-6.1.1-all\cfmwm155h49vnt3hynmlrsdst\gradle-6.1.1\lib\gradle-launcher-6.1.1.jar
Launcher Type: SUN_STANDARD

Environment Variables:
PATH=C:\ProgramData\Oracle\Java\javapath;C:\Program Files (x86)\Common Files\Oracle\Java\javapath;C:\WINDOWS\system32;C:\WINDOWS;C:\WINDOWS\System32\Wbem;C:\WINDOWS\System32\WindowsPowerShell\v1.0\;C:\WINDOWS\System32\OpenSSH\;C:\Program Files\Microsoft SQL Server\Client SDK\ODBC\130\Tools\Binn\;C:\Program Files (x86)\Microsoft SQL Server\140\Tools\Binn\;C:\Program Files\Microsoft SQL Server\140\Tools\Binn\;C:\Program Files\Microsoft SQL Server\140\DTS\Binn\;C:\Program Files (x86)\Microsoft SQL Server\Client SDK\ODBC\130\Tools\Binn\;C:\Program Files (x86)\Microsoft SQL Server\140\DTS\Binn\;C:\Program Files (x86)\Microsoft SQL Server\140\Tools\Binn\ManagementStudio\;C:\Program Files\Microsoft SQL Server\130\Tools\Binn\;C:\Program Files\Microsoft SQL Server\Client SDK\ODBC\170\Tools\Binn\;C:\Program Files\TortoiseSVN\bin;C:\Program Files\dotnet\;C:\Program Files\Git\cmd;C:\Users\ImQpN\AppData\Local\Microsoft\WindowsApps;;C:\Users\ImQpN\AppData\Local\Programs\Microsoft VS Code\bin
USERNAME=ImQpN
OS=Windows_NT
PROCESSOR_IDENTIFIER=Intel64 Family 6 Model 61 Stepping 4, GenuineIntel



---------------  S Y S T E M  ---------------

OS: Windows 10.0 , 64 bit Build 19041 (10.0.19041.546)

CPU:total 4 (initial active 4) (2 cores per cpu, 2 threads per core) family 6 model 61 stepping 4, cmov, cx8, fxsr, mmx, sse, sse2, sse3, ssse3, sse4.1, sse4.2, popcnt, avx, avx2, aes, clmul, erms, rtm, 3dnowpref, lzcnt, ht, tsc, tscinvbit, bmi1, bmi2, adx

Memory: 4k page, physical 8061160k(44300k free), swap 18134844k(7160k free)

vm_info: OpenJDK 64-Bit Server VM (25.242-b01) for windows-amd64 JRE (1.8.0_242-release-1644-b01), built by "builder" with MS VC++ 10.0 (VS2010)

time: Mon Nov 02 20:23:46 2020
timezone: SE Asia Standard Time
elapsed time: 431 seconds (0d 0h 7m 11s)

